<?xml version="1.0" encoding="UTF-8"?>
<testsuite name="testSuite.todoly.CRUDItemTest" tests="1" skipped="0" failures="0" errors="0" timestamp="2022-12-21T23:07:58" hostname="LAPTOP-RQ5SA3I4" time="9.529">
  <properties/>
  <testcase name="verifyCrudItem()" classname="testSuite.todoly.CRUDItemTest" time="9.529"/>
  <system-out><![CDATA[Request method:	GET
Request URI:	https://todo.ly/api/authentication/token.json
Proxy:			<none>
Request params:	<none>
Query params:	<none>
Form params:	<none>
Path params:	<none>
Headers:		Authorization=Basic Ym9yaXNAZ21haWwuY29tOjEyMzQ1Ng==
				Accept=*/*
Cookies:		<none>
Multiparts:		<none>
Body:			<none>
HTTP/1.1 200 OK
Cache-Control: no-cache, no-store, must-revalidate
Pragma: no-cache
Content-Type: application/json; charset=utf-8
Expires: -1
Server: Microsoft-IIS/8.0
Set-Cookie: ASP.NET_SessionId=htjxsqtuzjtgs12kheisgwex; path=/; HttpOnly; SameSite=Lax
X-AspNetMvc-Version: 2.0
X-AspNet-Version: 4.0.30319
X-Powered-By: ASP.NET
Date: Wed, 21 Dec 2022 23:08:00 GMT
Content-Length: 123

{
    "TokenString": "68943d6837714ded8f5768d381385299",
    "UserEmail": "boris@gmail.com",
    "ExpirationTime": "/Date(1671682080950)/"
}
Request method:	POST
Request URI:	https://todo.ly/api/items.json
Proxy:			<none>
Request params:	<none>
Query params:	<none>
Form params:	<none>
Path params:	<none>
Headers:		Token=68943d6837714ded8f5768d381385299
				Accept=*/*
				Content-Type=text/plain; charset=ISO-8859-1
Cookies:		<none>
Multiparts:		<none>
Body:
{"Content":"MOJIX"}
HTTP/1.1 200 OK
Cache-Control: no-cache, no-store, must-revalidate
Pragma: no-cache
Content-Type: application/json; charset=utf-8
Expires: -1
Server: Microsoft-IIS/8.0
Set-Cookie: ASP.NET_SessionId=qvjbydi24fhflpcrljhb3tph; path=/; HttpOnly; SameSite=Lax
X-AspNetMvc-Version: 2.0
X-AspNet-Version: 4.0.30319
X-Powered-By: ASP.NET
Date: Wed, 21 Dec 2022 23:08:03 GMT
Content-Length: 526

{
    "Id": 11094555,
    "Content": "MOJIX",
    "ItemType": 1,
    "Checked": false,
    "ProjectId": null,
    "ParentId": null,
    "Path": "",
    "Collapsed": false,
    "DateString": null,
    "DateStringPriority": 0,
    "DueDate": "",
    "Recurrence": null,
    "ItemOrder": null,
    "Priority": 4,
    "LastSyncedDateTime": "/Date(1671664083306)/",
    "Children": [
        
    ],
    "DueDateTime": null,
    "CreatedDate": "/Date(1671664083273)/",
    "LastCheckedDate": null,
    "LastUpdatedDate": "/Date(1671664083273)/",
    "Deleted": false,
    "Notes": "",
    "InHistory": false,
    "SyncClientCreationId": null,
    "DueTimeSpecified": true,
    "OwnerId": 706754
}
Request method:	GET
Request URI:	https://todo.ly/api/items/11094555.json
Proxy:			<none>
Request params:	<none>
Query params:	<none>
Form params:	<none>
Path params:	<none>
Headers:		Token=68943d6837714ded8f5768d381385299
				Accept=*/*
Cookies:		<none>
Multiparts:		<none>
Body:			<none>
Request method:	PUT
Request URI:	https://todo.ly/api/items/11094555.json
Proxy:			<none>
Request params:	<none>
Query params:	<none>
Form params:	<none>
Path params:	<none>
Headers:		Token=68943d6837714ded8f5768d381385299
				Accept=*/*
				Content-Type=text/plain; charset=ISO-8859-1
Cookies:		<none>
Multiparts:		<none>
Body:
{"Content":"UPDATE"}
HTTP/1.1 200 OK
Cache-Control: no-cache, no-store, must-revalidate
Pragma: no-cache
Content-Type: application/json; charset=utf-8
Expires: -1
Server: Microsoft-IIS/8.0
Set-Cookie: ASP.NET_SessionId=o1oiaa4vm3xgel3k03d42hec; path=/; HttpOnly; SameSite=Lax
X-AspNetMvc-Version: 2.0
X-AspNet-Version: 4.0.30319
X-Powered-By: ASP.NET
Date: Wed, 21 Dec 2022 23:08:05 GMT
Content-Length: 527

{
    "Id": 11094555,
    "Content": "UPDATE",
    "ItemType": 1,
    "Checked": false,
    "ProjectId": null,
    "ParentId": null,
    "Path": "",
    "Collapsed": false,
    "DateString": null,
    "DateStringPriority": 0,
    "DueDate": "",
    "Recurrence": null,
    "ItemOrder": null,
    "Priority": 4,
    "LastSyncedDateTime": "/Date(1671664085848)/",
    "Children": [
        
    ],
    "DueDateTime": null,
    "CreatedDate": "/Date(1671664083273)/",
    "LastCheckedDate": null,
    "LastUpdatedDate": "/Date(1671664085817)/",
    "Deleted": false,
    "Notes": "",
    "InHistory": false,
    "SyncClientCreationId": null,
    "DueTimeSpecified": true,
    "OwnerId": 706754
}
Request method:	DELETE
Request URI:	https://todo.ly/api/items/11094555.json
Proxy:			<none>
Request params:	<none>
Query params:	<none>
Form params:	<none>
Path params:	<none>
Headers:		Token=68943d6837714ded8f5768d381385299
				Accept=*/*
Cookies:		<none>
Multiparts:		<none>
Body:			<none>
HTTP/1.1 200 OK
Cache-Control: no-cache, no-store, must-revalidate
Pragma: no-cache
Content-Type: application/json; charset=utf-8
Expires: -1
Server: Microsoft-IIS/8.0
Set-Cookie: ASP.NET_SessionId=tsrqagl0immm4qbkyyyplhuf; path=/; HttpOnly; SameSite=Lax
X-AspNetMvc-Version: 2.0
X-AspNet-Version: 4.0.30319
X-Powered-By: ASP.NET
Date: Wed, 21 Dec 2022 23:08:07 GMT
Content-Length: 526

{
    "Id": 11094555,
    "Content": "UPDATE",
    "ItemType": 1,
    "Checked": false,
    "ProjectId": null,
    "ParentId": null,
    "Path": "",
    "Collapsed": false,
    "DateString": null,
    "DateStringPriority": 0,
    "DueDate": "",
    "Recurrence": null,
    "ItemOrder": null,
    "Priority": 4,
    "LastSyncedDateTime": "/Date(1671664087049)/",
    "Children": [
        
    ],
    "DueDateTime": null,
    "CreatedDate": "/Date(1671664083273)/",
    "LastCheckedDate": null,
    "LastUpdatedDate": "/Date(1671664087020)/",
    "Deleted": true,
    "Notes": "",
    "InHistory": false,
    "SyncClientCreationId": null,
    "DueTimeSpecified": true,
    "OwnerId": 706754
}
]]></system-out>
  <system-err><![CDATA[]]></system-err>
</testsuite>
